
---------------------------------------------------------------
		Running 'xrtmkarf_0.6.4'
---------------------------------------------------------------
		 Input Parameters List: 
Name of the input RMF file                    :'CALDB'
Name of the input mirror effective area file  :'CALDB'
Name of the input filter transmission file    :'CALDB'
Name of the input arf file                    :'CALDB'
Name of the input exposure map file           :'total.img'
Name of the input vignetting file             :'CALDB'
Name of the input spectrum file               :'src0.pi'
Name of the input PSF file                    :'CALDB'
Name of the output ARF file                   :'arf0.arf'
Source SKYX                                   :'-1.000000'
Source SKYY                                   :'-1.000000'
Source off-axis angle (arcmin)                :'-99.000000'
Extended source?                              : no
---------------------------------------------------------------

xrtmkarf_0.6.4: Info: 'arf0.arf' file exists,
xrtmkarf_0.6.4: Warning: parameter 'clobber' set,
xrtmkarf_0.6.4: Warning: the 'arf0.arf' file will be overwritten.
vig_flag (in)  : 0 
  min exposure : 0.000000 in 0 0 
  max exposure : 7251.255859 in 281 533  
 MAXIMUM EXPOSURE : 1.000000  
 CENTER of the ROI (SKY)  472.638587 557.946798 
 CENTER of the SRC (SKY)  472.638580 557.946777 
xrtmkarf_0.6.4: Info: WMAP region boundaries (X1:X2,Y1:Y2):[ 465 : 481 , 550 : 566 ] 
xrtmkarf_0.6.4: Info: Source position (X,Y): [472.638580 , 557.946777] 
  min ROI exposure : 5728.012207 in 470 552 
  max ROI exposure : 7251.227539 in 471 556 
xrtmkarf_0.6.4: Info: Processing '/Users/kdn5172/Documents/caldb/data/swift/xrt/cpf/rmf/swxpc0to12s6_20210101v016.rmf' CALDB file.
xrtmkarf_0.6.4: Info: Processing '/Users/kdn5172/Documents/caldb/data/swift/xrt/cpf/arf/swxs6_20010101v001.arf' CALDB file.
351.162184 61.149410 351.162200 61.149410
 Optical Axis SKY coordinate X: 500.511852
 Optical Axis SKY coordinate Y: 500.499666
CX: 472.638580 CY: 557.946777 Off-axis Angle (arcmin): 2.511516 
vig_flag   : 0 
>>> using a not vignetted exposure map 
 xrtmkarf_0.6.4: Info: Processing '/Users/kdn5172/Documents/caldb/data/swift/xrt/cpf/vign/swxvign20010101v001.fits' CALDB file.
xrtmkarf_0.6.4: Info: Processing '/Users/kdn5172/Documents/caldb/data/swift/xrt/cpf/psf/swxpsf20010101v006.fits' CALDB file.
 PERC. OF FLUENCE WITHIN THE ROI:  69.489825 (AT 1.002500 keV )  
 PERC. OF FLUENCE WITHIN THE ROI:  69.491106 (ON AVERAGE) 
xrtmkarf_0.6.4: Info: 'arf0.arf' file successfully written.
---------------------------------------------------------------------
xrtmkarf_0.6.4: Exit with success.
---------------------------------------------------------------------
