
---------------------------------------------------------------
		Running 'xrtmkarf_0.6.4'
---------------------------------------------------------------
		 Input Parameters List: 
Name of the input RMF file                    :'CALDB'
Name of the input mirror effective area file  :'CALDB'
Name of the input filter transmission file    :'CALDB'
Name of the input arf file                    :'CALDB'
Name of the input exposure map file           :'total.img'
Name of the input vignetting file             :'CALDB'
Name of the input spectrum file               :'src0.pi'
Name of the input PSF file                    :'CALDB'
Name of the output ARF file                   :'arf0.arf'
Source SKYX                                   :'-1.000000'
Source SKYY                                   :'-1.000000'
Source off-axis angle (arcmin)                :'-99.000000'
Extended source?                              : no
---------------------------------------------------------------

xrtmkarf_0.6.4: Info: 'arf0.arf' file exists,
xrtmkarf_0.6.4: Warning: parameter 'clobber' set,
xrtmkarf_0.6.4: Warning: the 'arf0.arf' file will be overwritten.
vig_flag (in)  : 0 
  min exposure : 0.000000 in 0 0 
  max exposure : 4796.489746 in 511 342  
 MAXIMUM EXPOSURE : 1.000000  
 CENTER of the ROI (SKY)  473.673218 450.906331 
 CENTER of the SRC (SKY)  473.673218 450.906342 
xrtmkarf_0.6.4: Info: WMAP region boundaries (X1:X2,Y1:Y2):[ 466 : 482 , 443 : 459 ] 
xrtmkarf_0.6.4: Info: Source position (X,Y): [473.673218 , 450.906342] 
  min ROI exposure : 3950.281250 in 468 455 
  max ROI exposure : 4796.471680 in 466 449 
xrtmkarf_0.6.4: Info: Processing '/Users/kdn5172/Documents/caldb/data/swift/xrt/cpf/rmf/swxpc0to12s6_20130101v014.rmf' CALDB file.
xrtmkarf_0.6.4: Info: Processing '/Users/kdn5172/Documents/caldb/data/swift/xrt/cpf/arf/swxs6_20010101v001.arf' CALDB file.
229.672413 6.264323 229.672400 6.264323
 Optical Axis SKY coordinate X: 500.480774
 Optical Axis SKY coordinate Y: 500.499319
CX: 473.673218 CY: 450.906342 Off-axis Angle (arcmin): 2.217406 
vig_flag   : 0 
>>> using a not vignetted exposure map 
 xrtmkarf_0.6.4: Info: Processing '/Users/kdn5172/Documents/caldb/data/swift/xrt/cpf/vign/swxvign20010101v001.fits' CALDB file.
xrtmkarf_0.6.4: Info: Processing '/Users/kdn5172/Documents/caldb/data/swift/xrt/cpf/psf/swxpsf20010101v006.fits' CALDB file.
 PERC. OF FLUENCE WITHIN THE ROI:  68.896371 (AT 1.002500 keV )  
 PERC. OF FLUENCE WITHIN THE ROI:  68.896478 (ON AVERAGE) 
xrtmkarf_0.6.4: Info: 'arf0.arf' file successfully written.
---------------------------------------------------------------------
xrtmkarf_0.6.4: Exit with success.
---------------------------------------------------------------------
