Logging to file: ximage.log
[XIMAGE>  read total.fits 
 Telescope SWIFT XRT NONE
 Image size = 1000 x 1000 pixels
 Image rebin = 1.000
 Image center = 500.5, 500.5
 Reading an image
  Image level, min = 0.0000000 max = 25.000000
 Copied MAP1 to MAP9
[XIMAGE>  detect/bright/back_box_size=32/prob_limit=4e-4/snr=2.0/source_box_size=4. 
 Calculating background: Poisson statistics assumed
 Background box size =  32
 Background =8.4471E-03 cts/original-pixel
            =8.4471E-03 cts/image-pixel
            =1.1455E-03 cts/sqarcmin/s
            =1.7681E-06 cts/original-pixel/s
 Source box size (orig pix):    4 (image pix):    4
 >>>>> Searching for excesses
    564 excesses found
 >>>>> Removing contiguous sources
 Using slow contiguous search
  Using average energy for PSF:    1.00000000
         57 excesses left
 >>>>> Sort by radius
 >>>>> Applying thresholds
  Using average energy for PSF:    1.00000000
  snr threshold =    2.00000000
  bgnd fluctuation probability limit =    3.99999990E-04
 >>>>> removing duplicates
   #   count/s    err         pixel      Vig  RA(2000)   Dec(2000)   Err  H-Box
                             x     y     corr                        rad  (sec)
    1 2.51E-01+/-7.8E-03   473.7   450.9 1.01 15 18 45.6 +06 13 54.6  -1     46
    2 1.24E-02+/-2.0E-03   384.9   572.6 1.06 15 18 59.6 +06 18 41.5  -1     15
[XIMAGE>  sosta/detect_sources 
 Using MAP1
 Using a locally computed background
                    X = 473.67462    Y = 450.90646
  Using average energy for PSF:    1.00000000
 Source half-box for 0.65 EEF is    5.3 pixels
        Half-box for 0.90 EEF is   18.1 pixels
 Total # of counts 712.00000 (in 110 elemental sq pixels)
 Background inner radius:   19.1 pixels; outer radius:   36.3 pixels
 Innerbox counts 1090.0000 in 1444 sq or pixels
 Outerbox counts 1280.0000 in 5256 sq or pixels
 Background counts 190.00000 in 3812 sq pixels
 s.i. corrected for PSF + sampling dead time
                                + vignetting -> 2.589E-01 +/- 9.8E-03 c/sec <-
 Signal to Noise Ratio             :            2.647E+01
                    X = 384.89999    Y = 572.59998
 Source half-box for 0.60 EEF is    4.8 pixels
        Half-box for 0.90 EEF is   15.7 pixels
 Total # of counts 33.000000 (in 90 elemental sq pixels)
 Background inner radius:   16.5 pixels; outer radius:   31.4 pixels
 Innerbox counts 51.000000 in 1089 sq or pixels
 Outerbox counts 80.000000 in 3906 sq or pixels
 Background counts 29.000000 in 2817 sq pixels
 s.i. corrected for PSF + sampling dead time
                                + vignetting -> 1.405E-02 +/- 2.5E-03 c/sec <-
 Signal to Noise Ratio             :            5.581E+00
[XIMAGE>  quit 
