#XSPEC version: 12.14.0h
#Build Date/Time: Thu Jun 13 20:12:54 2024
#
!XSPEC12> statistic cstat 
#Default fit statistic is set to: C-Statistic
#   This will apply to all current and newly loaded spectra.
#
!XSPEC12> query yes 
#
!XSPEC12> data spec0.pi 
#***Warning: Detected response matrix energy bin value = 0 (or neg).
#     XSPEC will instead use small finite value (response file will not be altered).
#
#1 spectrum  in use
# 
#Spectral Data File: spec0.pi  Spectrum 1
#Net count rate (cts/s) for Spectrum:1  1.809e-01 +/- 6.178e-03 (99.2 % total)
# Assigned to Data Group 1 and Plot Group 1
#  Noticed Channels:  1-420
#  Telescope: SWIFT Instrument: XRT  Channel Type: PI
#  Exposure Time: 4777 sec
# Using fit statistic: cstat
# Using Background File                back0.pi
#  Background Exposure Time: 4777 sec
# Using Response (RMF) File            rmf0.rmf for Source 1
# Using Auxiliary Response (ARF) File  arf0.arf
#
#
!XSPEC12>                          ignore **-0.3 10.-** 
#     5 channels (1-5) ignored in spectrum #     1
#    25 channels (396-420) ignored in spectrum #     1
#
#
!XSPEC12>  ignore bad 
#
#ignore:   115 channels ignored from  source number 1
#
!XSPEC12>  setplot energy 
#
!XSPEC12>  setplot ylog 
#
!XSPEC12>                          mo tbabs*cflux*po 
#
#Input parameter value, delta, min, bot, top, and max values for ...
#              1      0.001(      0.01)          0          0     100000      1e+06
#            0.5       -0.1(     0.005)          0          0      1e+06      1e+06
#             10       -0.1(       0.1)          0          0      1e+06      1e+06
#            -12       0.01(      0.12)       -100       -100        100        100
#              1       0.01(      0.01)         -3         -2          9         10
#              1       0.01(      0.01)          0          0      1e+20      1e+24
#
#========================================================================
#Model TBabs<1>*cflux<2>*powerlaw<3> Source No.: 1   Active/On
#Model Model Component  Parameter  Unit     Value
# par  comp
#   1    1   TBabs      nH         10^22    2.99000E-02  frozen
#   2    2   cflux      Emin       keV      0.300000     frozen
#   3    2   cflux      Emax       keV      10.0000      frozen
#   4    2   cflux      lg10Flux   cgs      -13.0000     +/-  0.0          
#   5    3   powerlaw   PhoIndex            2.00000      +/-  0.0          
#   6    3   powerlaw   norm                1.00000      frozen
#________________________________________________________________________
#
#
#Fit statistic  : C-Statistic                 5054.83     using 300 bins.
#
#Test statistic : Chi-Squared                  826.75     using 300 bins.
# Null hypothesis probability of 2.99e-51 with 298 degrees of freedom
# Current data and model not fit yet.
#
!XSPEC12>  fit 5000 
#                                   Parameters
#C-Statistic  |beta|/N    Lvl    4:lg10Flux    5:PhoIndex
#1194.11      346.106      -3      -10.7344       2.73778
#991.972      1229.94      -1      -11.3606       1.51246
#445.53       661.385      -2      -11.1693       1.73959
#292.643      364.669      -3      -11.0752       1.94607
#278.559      115.814      -4      -11.0411       2.02400
#278.423      12.2501      -5      -11.0367       2.02943
#278.423      0.200003     -6      -11.0366       2.02927
#==============================
# Variances and Principal Axes
#                 4        5  
# 2.1337E-04|  0.9873   0.1586  
# 2.7973E-03| -0.1586   0.9873  
#------------------------------
#
#========================
#  Covariance Matrix
#        1           2   
#   2.784e-04  -4.047e-04
#  -4.047e-04   2.732e-03
#------------------------
#
#========================================================================
#Model TBabs<1>*cflux<2>*powerlaw<3> Source No.: 1   Active/On
#Model Model Component  Parameter  Unit     Value
# par  comp
#   1    1   TBabs      nH         10^22    2.99000E-02  frozen
#   2    2   cflux      Emin       keV      0.300000     frozen
#   3    2   cflux      Emax       keV      10.0000      frozen
#   4    2   cflux      lg10Flux   cgs      -11.0366     +/-  1.66848E-02  
#   5    3   powerlaw   PhoIndex            2.02927      +/-  5.22715E-02  
#   6    3   powerlaw   norm                1.00000      frozen
#________________________________________________________________________
#
#
#Fit statistic  : C-Statistic                  278.42     using 300 bins.
#
#Test statistic : Chi-Squared                  385.01     using 300 bins.
# Null hypothesis probability of 4.95e-04 with 298 degrees of freedom
#
!XSPEC12> 
#
!XSPEC12>  cpd plot0.ps/cps 
#
!XSPEC12>  plot ufspec 
#
!XSPEC12>  cpd none 
#
!XSPEC12>  quit 
# XSPEC: quit
#